<?xml version="1.0" encoding="UTF-8"?>
<testsuite xmlns:xsi="http://www.w3.org/2001/XMLSchema-instance" xsi:noNamespaceSchemaLocation="https://maven.apache.org/surefire/maven-surefire-plugin/xsd/surefire-test-report-3.0.xsd" version="3.0" name="TestSuite" time="126.912" tests="16" errors="0" skipped="0" failures="2">
  <properties>
[...]
</properties>
  <testcase name="mustDoValidEmailError on mustDoValidEmailError(Podium.Tests.EnterpriseErrosSimulationTest)" classname="Podium.Tests.EnterpriseErrosSimulationTest" time="12.999">
    <system-err><![CDATA[Starting ChromeDriver 89.0.4389.23 (61b08ee2c50024bab004e48d2b1b083cdbdac579-refs/branch-heads/4389@{#294}) on port 31383
Only local connections are allowed.
Please see https://chromedriver.chromium.org/security-considerations for suggestions on keeping ChromeDriver safe.
ChromeDriver was started successfully.
log4j:WARN No appenders could be found for logger (org.apache.http.client.protocol.RequestAddCookies).
log4j:WARN Please initialize the log4j system properly.
mar 22, 2021 12:20:50 AM org.openqa.selenium.remote.ProtocolHandshake createSession
INFORMAÇÕES: Detected dialect: W3C
]]></system-err>
  </testcase>
  <testcase name="mustDoFieldRequiredError on mustDoFieldRequiredError(Podium.Tests.EnterpriseErrosSimulationTest)" classname="Podium.Tests.EnterpriseErrosSimulationTest" time="6.489"/>
  <testcase name="mustFillPricingForms[0] on mustFillPricingForms[0](Podium.Tests.FillingFormsWithDDTTest)" classname="Podium.Tests.FillingFormsWithDDTTest" time="8.966"/>
  <testcase name="mustFillPricingForms[1] on mustFillPricingForms[1](Podium.Tests.FillingFormsWithDDTTest)" classname="Podium.Tests.FillingFormsWithDDTTest" time="7.931"/>
  <testcase name="mustFillPricingForms[2] on mustFillPricingForms[2](Podium.Tests.FillingFormsWithDDTTest)" classname="Podium.Tests.FillingFormsWithDDTTest" time="9.186"/>
  <testcase name="mustFillPricingForms[3] on mustFillPricingForms[3](Podium.Tests.FillingFormsWithDDTTest)" classname="Podium.Tests.FillingFormsWithDDTTest" time="6.946"/>
  <testcase name="mustFillPricingForms[4] on mustFillPricingForms[4](Podium.Tests.FillingFormsWithDDTTest)" classname="Podium.Tests.FillingFormsWithDDTTest" time="6.07"/>
  <testcase name="mustVerifyPaymentsPageTest on mustVerifyPaymentsPageTest(Podium.Tests.ProductsTest)" classname="Podium.Tests.ProductsTest" time="7.124"/>
  <testcase name="mustVerifyFeedbackPageTest on mustVerifyFeedbackPageTest(Podium.Tests.ProductsTest)" classname="Podium.Tests.ProductsTest" time="6.804"/>
  <testcase name="mustVerifyWebChatPageTest on mustVerifyWebChatPageTest(Podium.Tests.ProductsTest)" classname="Podium.Tests.ProductsTest" time="7.627"/>
  <testcase name="mustVerifyVideoChatPageTest on mustVerifyVideoChatPageTest(Podium.Tests.ProductsTest)" classname="Podium.Tests.ProductsTest" time="13.576">
    <failure message="no such element: Unable to locate element: {&quot;method&quot;:&quot;link text&quot;,&quot;selector&quot;:&quot;Videochat&quot;}&#10;  (Session info: chrome=89.0.4389.90)&#10;For documentation on this error, please visit: http://seleniumhq.org/exceptions/no_such_element.html&#10;Build info: version: &apos;3.6.0&apos;, revision: &apos;6fbf3ec767&apos;, time: &apos;2017-09-27T15:28:36.4Z&apos;&#10;System info: host: &apos;DESKTOP-441JRQV&apos;, ip: &apos;192.168.1.3&apos;, os.name: &apos;Windows 10&apos;, os.arch: &apos;amd64&apos;, os.version: &apos;10.0&apos;, java.version: &apos;1.8.0_282&apos;&#10;Driver info: org.openqa.selenium.chrome.ChromeDriver&#10;Capabilities [{networkConnectionEnabled=false, chrome={chromedriverVersion=89.0.4389.23 (61b08ee2c50024bab004e48d2b1b083cdbdac579-refs/branch-heads/4389@{#294}), userDataDir=C:\Users\CJ\AppData\Local\Temp\scoped_dir2548_1639006636}, timeouts={implicit=0, pageLoad=300000, script=30000}, pageLoadStrategy=normal, unhandledPromptBehavior=dismiss and notify, strictFileInteractability=false, platform=WINDOWS, proxy=Proxy(), goog:chromeOptions={debuggerAddress=localhost:59539}, acceptInsecureCerts=false, browserVersion=89.0.4389.90, browserName=chrome, javascriptEnabled=true, platformName=WINDOWS, setWindowRect=true, webauthn:extension:largeBlob=true, webauthn:virtualAuthenticators=true}]&#10;Session ID: bb9b6bce717577216a80737165741908&#10;*** Element info: {Using=link text, value=Videochat}" type="org.openqa.selenium.NoSuchElementException"><![CDATA[org.openqa.selenium.NoSuchElementException: 
no such element: Unable to locate element: {"method":"link text","selector":"Videochat"}
  (Session info: chrome=89.0.4389.90)
For documentation on this error, please visit: http://seleniumhq.org/exceptions/no_such_element.html
Build info: version: '3.6.0', revision: '6fbf3ec767', time: '2017-09-27T15:28:36.4Z'
System info: host: 'DESKTOP-441JRQV', ip: '192.168.1.3', os.name: 'Windows 10', os.arch: 'amd64', os.version: '10.0', java.version: '1.8.0_282'
Driver info: org.openqa.selenium.chrome.ChromeDriver
Capabilities [{networkConnectionEnabled=false, chrome={chromedriverVersion=89.0.4389.23 (61b08ee2c50024bab004e48d2b1b083cdbdac579-refs/branch-heads/4389@{#294}), userDataDir=C:\Users\CJ\AppData\Local\Temp\scoped_dir2548_1639006636}, timeouts={implicit=0, pageLoad=300000, script=30000}, pageLoadStrategy=normal, unhandledPromptBehavior=dismiss and notify, strictFileInteractability=false, platform=WINDOWS, proxy=Proxy(), goog:chromeOptions={debuggerAddress=localhost:59539}, acceptInsecureCerts=false, browserVersion=89.0.4389.90, browserName=chrome, javascriptEnabled=true, platformName=WINDOWS, setWindowRect=true, webauthn:extension:largeBlob=true, webauthn:virtualAuthenticators=true}]
Session ID: bb9b6bce717577216a80737165741908
*** Element info: {Using=link text, value=Videochat}
	at Podium.Tests.ProductsTest.mustVerifyVideoChatPageTest(ProductsTest.java:63)
]]></failure>
  </testcase>
  <testcase name="mustVerifyCampaignsPageTest on mustVerifyCampaignsPageTest(Podium.Tests.ProductsTest)" classname="Podium.Tests.ProductsTest" time="5.087">
    <failure message="expected:&lt;[Products]&gt; but was:&lt;[]&gt;" type="org.junit.ComparisonFailure"><![CDATA[org.junit.ComparisonFailure: expected:<[Products]> but was:<[]>
	at Podium.Tests.ProductsTest.productsStartingTest(ProductsTest.java:17)
]]></failure>
  </testcase>
  <testcase name="mustVerifyTeamChatPageTest on mustVerifyTeamChatPageTest(Podium.Tests.ProductsTest)" classname="Podium.Tests.ProductsTest" time="7.541"/>
  <testcase name="mustVerifyFreeVersionPageTest on mustVerifyFreeVersionPageTest(Podium.Tests.ProductsTest)" classname="Podium.Tests.ProductsTest" time="6.443"/>
  <testcase name="mustVerifyInboxPageTest on mustVerifyInboxPageTest(Podium.Tests.ProductsTest)" classname="Podium.Tests.ProductsTest" time="6.753"/>
  <testcase name="mustVerifyReviewsPageTest on mustVerifyReviewsPageTest(Podium.Tests.ProductsTest)" classname="Podium.Tests.ProductsTest" time="6.934"/>
</testsuite>