-------------------------------------------------------------------------------
Test set: TestSuite
-------------------------------------------------------------------------------
Tests run: 16, Failures: 16, Errors: 0, Skipped: 0, Time elapsed: 97.093 s <<< FAILURE! - in TestSuite
Podium.Tests.EnterpriseErrorsSimulationTest.mustDoValidEmailError on mustDoValidEmailError(Podium.Tests.EnterpriseErrorsSimulationTest)  Time elapsed: 12.548 s  <<< FAILURE!
org.junit.ComparisonFailure: expected:<[ENTERPRISE]> but was:<[]>
	at Podium.Tests.EnterpriseErrorsSimulationTest.mustGoToEnterprisePage(EnterpriseErrorsSimulationTest.java:21)

Podium.Tests.EnterpriseErrorsSimulationTest.mustDoFieldRequiredError on mustDoFieldRequiredError(Podium.Tests.EnterpriseErrorsSimulationTest)  Time elapsed: 9.429 s  <<< FAILURE!
org.junit.ComparisonFailure: expected:<[ENTERPRISE]> but was:<[]>
	at Podium.Tests.EnterpriseErrorsSimulationTest.mustGoToEnterprisePage(EnterpriseErrorsSimulationTest.java:21)

Podium.Tests.FillingFormsWithDDTTest.mustFillPricingForms[0] on mustFillPricingForms[0](Podium.Tests.FillingFormsWithDDTTest)  Time elapsed: 10.802 s  <<< FAILURE!
org.junit.ComparisonFailure: expected:<[CUSTOM PRICING]> but was:<[]>
	at Podium.Tests.FillingFormsWithDDTTest.mustFillPricingForms(FillingFormsWithDDTTest.java:52)

Podium.Tests.FillingFormsWithDDTTest.mustFillPricingForms[1] on mustFillPricingForms[1](Podium.Tests.FillingFormsWithDDTTest)  Time elapsed: 8.496 s  <<< FAILURE!
org.junit.ComparisonFailure: expected:<[CUSTOM PRICING]> but was:<[]>
	at Podium.Tests.FillingFormsWithDDTTest.mustFillPricingForms(FillingFormsWithDDTTest.java:52)

Podium.Tests.FillingFormsWithDDTTest.mustFillPricingForms[2] on mustFillPricingForms[2](Podium.Tests.FillingFormsWithDDTTest)  Time elapsed: 9.444 s  <<< FAILURE!
org.junit.ComparisonFailure: expected:<[CUSTOM PRICING]> but was:<[]>
	at Podium.Tests.FillingFormsWithDDTTest.mustFillPricingForms(FillingFormsWithDDTTest.java:52)

Podium.Tests.FillingFormsWithDDTTest.mustFillPricingForms[3] on mustFillPricingForms[3](Podium.Tests.FillingFormsWithDDTTest)  Time elapsed: 8.563 s  <<< FAILURE!
org.junit.ComparisonFailure: expected:<[CUSTOM PRICING]> but was:<[]>
	at Podium.Tests.FillingFormsWithDDTTest.mustFillPricingForms(FillingFormsWithDDTTest.java:52)

Podium.Tests.FillingFormsWithDDTTest.mustFillPricingForms[4] on mustFillPricingForms[4](Podium.Tests.FillingFormsWithDDTTest)  Time elapsed: 8.86 s  <<< FAILURE!
org.junit.ComparisonFailure: expected:<[CUSTOM PRICING]> but was:<[]>
	at Podium.Tests.FillingFormsWithDDTTest.mustFillPricingForms(FillingFormsWithDDTTest.java:52)

Podium.Tests.ProductsTest.mustVerifyPaymentsPageTest on mustVerifyPaymentsPageTest(Podium.Tests.ProductsTest)  Time elapsed: 3.34 s  <<< FAILURE!
org.junit.ComparisonFailure: expected:<[Products]> but was:<[]>
	at Podium.Tests.ProductsTest.productsStartingTest(ProductsTest.java:17)

Podium.Tests.ProductsTest.mustVerifyFeedbackPageTest on mustVerifyFeedbackPageTest(Podium.Tests.ProductsTest)  Time elapsed: 2.41 s  <<< FAILURE!
org.junit.ComparisonFailure: expected:<[Products]> but was:<[]>
	at Podium.Tests.ProductsTest.productsStartingTest(ProductsTest.java:17)

Podium.Tests.ProductsTest.mustVerifyWebChatPageTest on mustVerifyWebChatPageTest(Podium.Tests.ProductsTest)  Time elapsed: 3.033 s  <<< FAILURE!
org.junit.ComparisonFailure: expected:<[Products]> but was:<[]>
	at Podium.Tests.ProductsTest.productsStartingTest(ProductsTest.java:17)

Podium.Tests.ProductsTest.mustVerifyVideoChatPageTest on mustVerifyVideoChatPageTest(Podium.Tests.ProductsTest)  Time elapsed: 3.292 s  <<< FAILURE!
org.junit.ComparisonFailure: expected:<[Products]> but was:<[]>
	at Podium.Tests.ProductsTest.productsStartingTest(ProductsTest.java:17)

Podium.Tests.ProductsTest.mustVerifyCampaignsPageTest on mustVerifyCampaignsPageTest(Podium.Tests.ProductsTest)  Time elapsed: 3.431 s  <<< FAILURE!
org.junit.ComparisonFailure: expected:<[Products]> but was:<[]>
	at Podium.Tests.ProductsTest.productsStartingTest(ProductsTest.java:17)

Podium.Tests.ProductsTest.mustVerifyTeamChatPageTest on mustVerifyTeamChatPageTest(Podium.Tests.ProductsTest)  Time elapsed: 3.266 s  <<< FAILURE!
org.junit.ComparisonFailure: expected:<[Products]> but was:<[]>
	at Podium.Tests.ProductsTest.productsStartingTest(ProductsTest.java:17)

Podium.Tests.ProductsTest.mustVerifyFreeVersionPageTest on mustVerifyFreeVersionPageTest(Podium.Tests.ProductsTest)  Time elapsed: 3.378 s  <<< FAILURE!
org.junit.ComparisonFailure: expected:<[Products]> but was:<[]>
	at Podium.Tests.ProductsTest.productsStartingTest(ProductsTest.java:17)

Podium.Tests.ProductsTest.mustVerifyInboxPageTest on mustVerifyInboxPageTest(Podium.Tests.ProductsTest)  Time elapsed: 3.174 s  <<< FAILURE!
org.junit.ComparisonFailure: expected:<[Products]> but was:<[]>
	at Podium.Tests.ProductsTest.productsStartingTest(ProductsTest.java:17)

Podium.Tests.ProductsTest.mustVerifyReviewsPageTest on mustVerifyReviewsPageTest(Podium.Tests.ProductsTest)  Time elapsed: 3.172 s  <<< FAILURE!
org.junit.ComparisonFailure: expected:<[Products]> but was:<[]>
	at Podium.Tests.ProductsTest.productsStartingTest(ProductsTest.java:17)

