<?xml version="1.0" encoding="UTF-8"?>
<testng-results skipped="0" failed="2" ignored="0" total="16" passed="14">
  <reporter-output>
  </reporter-output>
  <suite name="Surefire suite" duration-ms="126555" started-at="2021-03-22T03:20:49Z" finished-at="2021-03-22T03:22:55Z">
    <groups>
    </groups>
    <test name="Surefire test" duration-ms="126555" started-at="2021-03-22T03:20:49Z" finished-at="2021-03-22T03:22:55Z">
      <class name="Podium.Tests.ProductsTest">
        <test-method status="PASS" signature="mustVerifyPaymentsPageTest()" name="mustVerifyPaymentsPageTest" duration-ms="7126" started-at="2021-03-22T03:21:48Z" finished-at="2021-03-22T03:21:55Z">
          <reporter-output>
          </reporter-output>
        </test-method> <!-- mustVerifyPaymentsPageTest -->
        <test-method status="PASS" signature="mustVerifyFeedbackPageTest()" name="mustVerifyFeedbackPageTest" duration-ms="13930" started-at="2021-03-22T03:21:48Z" finished-at="2021-03-22T03:22:02Z">
          <reporter-output>
          </reporter-output>
        </test-method> <!-- mustVerifyFeedbackPageTest -->
        <test-method status="PASS" signature="mustVerifyWebChatPageTest()" name="mustVerifyWebChatPageTest" duration-ms="21555" started-at="2021-03-22T03:21:48Z" finished-at="2021-03-22T03:22:09Z">
          <reporter-output>
          </reporter-output>
        </test-method> <!-- mustVerifyWebChatPageTest -->
        <test-method status="PASS" signature="mustVerifyTeamChatPageTest()" name="mustVerifyTeamChatPageTest" duration-ms="47761" started-at="2021-03-22T03:21:48Z" finished-at="2021-03-22T03:22:35Z">
          <reporter-output>
          </reporter-output>
        </test-method> <!-- mustVerifyTeamChatPageTest -->
        <test-method status="PASS" signature="mustVerifyReviewsPageTest()" name="mustVerifyReviewsPageTest" duration-ms="67891" started-at="2021-03-22T03:21:48Z" finished-at="2021-03-22T03:22:55Z">
          <reporter-output>
          </reporter-output>
        </test-method> <!-- mustVerifyReviewsPageTest -->
        <test-method status="PASS" signature="mustVerifyInboxPageTest()" name="mustVerifyInboxPageTest" duration-ms="60957" started-at="2021-03-22T03:21:48Z" finished-at="2021-03-22T03:22:49Z">
          <reporter-output>
          </reporter-output>
        </test-method> <!-- mustVerifyInboxPageTest -->
        <test-method status="FAIL" signature="mustVerifyCampaignsPageTest()" name="mustVerifyCampaignsPageTest" duration-ms="40218" started-at="2021-03-22T03:21:48Z" finished-at="2021-03-22T03:22:28Z">
          <exception class="org.junit.ComparisonFailure">
            <message>
              <![CDATA[expected:<[Products]> but was:<[]>]]>
            </message>
            <full-stacktrace>
              <![CDATA[org.junit.ComparisonFailure: expected:<[Products]> but was:<[]>
at org.junit.Assert.assertEquals(Assert.java:115)
at org.junit.Assert.assertEquals(Assert.java:144)
at Podium.Tests.ProductsTest.productsStartingTest(ProductsTest.java:17)
at sun.reflect.NativeMethodAccessorImpl.invoke0(Native Method)
at sun.reflect.NativeMethodAccessorImpl.invoke(NativeMethodAccessorImpl.java:62)
at sun.reflect.DelegatingMethodAccessorImpl.invoke(DelegatingMethodAccessorImpl.java:43)
at java.lang.reflect.Method.invoke(Method.java:498)
at org.junit.runners.model.FrameworkMethod$1.runReflectiveCall(FrameworkMethod.java:50)
at org.junit.internal.runners.model.ReflectiveCallable.run(ReflectiveCallable.java:12)
at org.junit.runners.model.FrameworkMethod.invokeExplosively(FrameworkMethod.java:47)
at org.junit.internal.runners.statements.RunBefores.evaluate(RunBefores.java:24)
at org.junit.internal.runners.statements.RunAfters.evaluate(RunAfters.java:27)
at org.junit.rules.TestWatcher$1.evaluate(TestWatcher.java:55)
at org.junit.rules.RunRules.evaluate(RunRules.java:20)
at org.junit.runners.ParentRunner.runLeaf(ParentRunner.java:325)
at org.junit.runners.BlockJUnit4ClassRunner.runChild(BlockJUnit4ClassRunner.java:78)
at org.junit.runners.BlockJUnit4ClassRunner.runChild(BlockJUnit4ClassRunner.java:57)
at org.junit.runners.ParentRunner$3.run(ParentRunner.java:290)
at org.junit.runners.ParentRunner$1.schedule(ParentRunner.java:71)
at org.junit.runners.ParentRunner.runChildren(ParentRunner.java:288)
at org.junit.runners.ParentRunner.access$000(ParentRunner.java:58)
at org.junit.runners.ParentRunner$2.evaluate(ParentRunner.java:268)
at org.junit.runners.ParentRunner.run(ParentRunner.java:363)
at org.junit.runner.JUnitCore.run(JUnitCore.java:137)
at org.junit.runner.JUnitCore.run(JUnitCore.java:115)
at org.testng.junit.JUnit4TestRunner.start(JUnit4TestRunner.java:82)
at org.testng.junit.JUnit4TestRunner.run(JUnit4TestRunner.java:70)
at org.testng.TestRunner$1.run(TestRunner.java:570)
at org.testng.TestRunner.runJUnitWorkers(TestRunner.java:717)
at org.testng.TestRunner.privateRunJUnit(TestRunner.java:601)
at org.testng.TestRunner.run(TestRunner.java:502)
at org.testng.SuiteRunner.runTest(SuiteRunner.java:455)
at org.testng.SuiteRunner.runSequentially(SuiteRunner.java:450)
at org.testng.SuiteRunner.privateRun(SuiteRunner.java:415)
at org.testng.SuiteRunner.run(SuiteRunner.java:364)
at org.testng.SuiteRunnerWorker.runSuite(SuiteRunnerWorker.java:52)
at org.testng.SuiteRunnerWorker.run(SuiteRunnerWorker.java:84)
at org.testng.TestNG.runSuitesSequentially(TestNG.java:1208)
at org.testng.TestNG.runSuitesLocally(TestNG.java:1137)
at org.testng.TestNG.runSuites(TestNG.java:1049)
at org.testng.TestNG.run(TestNG.java:1017)
at org.apache.maven.surefire.testng.TestNGExecutor.run(TestNGExecutor.java:136)
at org.apache.maven.surefire.testng.TestNGDirectoryTestSuite.executeMulti(TestNGDirectoryTestSuite.java:198)
at org.apache.maven.surefire.testng.TestNGDirectoryTestSuite.execute(TestNGDirectoryTestSuite.java:94)
at org.apache.maven.surefire.testng.TestNGProvider.invoke(TestNGProvider.java:145)
at org.apache.maven.surefire.booter.ForkedBooter.runSuitesInProcess(ForkedBooter.java:428)
at org.apache.maven.surefire.booter.ForkedBooter.execute(ForkedBooter.java:162)
at org.apache.maven.surefire.booter.ForkedBooter.run(ForkedBooter.java:562)
at org.apache.maven.surefire.booter.ForkedBooter.main(ForkedBooter.java:548)
]]>
            </full-stacktrace>
          </exception> <!-- org.junit.ComparisonFailure -->
          <reporter-output>
          </reporter-output>
        </test-method> <!-- mustVerifyCampaignsPageTest -->
        <test-method status="FAIL" signature="mustVerifyVideoChatPageTest()" name="mustVerifyVideoChatPageTest" duration-ms="35127" started-at="2021-03-22T03:21:48Z" finished-at="2021-03-22T03:22:23Z">
          <exception class="org.openqa.selenium.NoSuchElementException">
            <message>
              <![CDATA[no such element: Unable to locate element: {"method":"link text","selector":"Videochat"}
  (Session info: chrome=89.0.4389.90)
For documentation on this error, please visit: http://seleniumhq.org/exceptions/no_such_element.html
Build info: version: '3.6.0', revision: '6fbf3ec767', time: '2017-09-27T15:28:36.4Z'
System info: host: 'DESKTOP-441JRQV', ip: '192.168.1.3', os.name: 'Windows 10', os.arch: 'amd64', os.version: '10.0', java.version: '1.8.0_282'
Driver info: org.openqa.selenium.chrome.ChromeDriver
Capabilities [{networkConnectionEnabled=false, chrome={chromedriverVersion=89.0.4389.23 (61b08ee2c50024bab004e48d2b1b083cdbdac579-refs/branch-heads/4389@{#294}), userDataDir=C:\Users\CJ\AppData\Local\Temp\scoped_dir2548_1639006636}, timeouts={implicit=0, pageLoad=300000, script=30000}, pageLoadStrategy=normal, unhandledPromptBehavior=dismiss and notify, strictFileInteractability=false, platform=WINDOWS, proxy=Proxy(), goog:chromeOptions={debuggerAddress=localhost:59539}, acceptInsecureCerts=false, browserVersion=89.0.4389.90, browserName=chrome, javascriptEnabled=true, platformName=WINDOWS, setWindowRect=true, webauthn:extension:largeBlob=true, webauthn:virtualAuthenticators=true}]
Session ID: bb9b6bce717577216a80737165741908
*** Element info: {Using=link text, value=Videochat}]]>
            </message>
            <full-stacktrace>
              <![CDATA[org.openqa.selenium.NoSuchElementException: no such element: Unable to locate element: {"method":"link text","selector":"Videochat"}
  (Session info: chrome=89.0.4389.90)
For documentation on this error, please visit: http://seleniumhq.org/exceptions/no_such_element.html
Build info: version: '3.6.0', revision: '6fbf3ec767', time: '2017-09-27T15:28:36.4Z'
System info: host: 'DESKTOP-441JRQV', ip: '192.168.1.3', os.name: 'Windows 10', os.arch: 'amd64', os.version: '10.0', java.version: '1.8.0_282'
Driver info: org.openqa.selenium.chrome.ChromeDriver
Capabilities [{networkConnectionEnabled=false, chrome={chromedriverVersion=89.0.4389.23 (61b08ee2c50024bab004e48d2b1b083cdbdac579-refs/branch-heads/4389@{#294}), userDataDir=C:\Users\CJ\AppData\Local\Temp\scoped_dir2548_1639006636}, timeouts={implicit=0, pageLoad=300000, script=30000}, pageLoadStrategy=normal, unhandledPromptBehavior=dismiss and notify, strictFileInteractability=false, platform=WINDOWS, proxy=Proxy(), goog:chromeOptions={debuggerAddress=localhost:59539}, acceptInsecureCerts=false, browserVersion=89.0.4389.90, browserName=chrome, javascriptEnabled=true, platformName=WINDOWS, setWindowRect=true, webauthn:extension:largeBlob=true, webauthn:virtualAuthenticators=true}]
Session ID: bb9b6bce717577216a80737165741908
*** Element info: {Using=link text, value=Videochat}
at sun.reflect.NativeConstructorAccessorImpl.newInstance0(Native Method)
at sun.reflect.NativeConstructorAccessorImpl.newInstance(NativeConstructorAccessorImpl.java:62)
at sun.reflect.DelegatingConstructorAccessorImpl.newInstance(DelegatingConstructorAccessorImpl.java:45)
at java.lang.reflect.Constructor.newInstance(Constructor.java:423)
at org.openqa.selenium.remote.http.W3CHttpResponseCodec.createException(W3CHttpResponseCodec.java:185)
at org.openqa.selenium.remote.http.W3CHttpResponseCodec.decode(W3CHttpResponseCodec.java:120)
at org.openqa.selenium.remote.http.W3CHttpResponseCodec.decode(W3CHttpResponseCodec.java:49)
at org.openqa.selenium.remote.HttpCommandExecutor.execute(HttpCommandExecutor.java:164)
at org.openqa.selenium.remote.service.DriverCommandExecutor.execute(DriverCommandExecutor.java:83)
at org.openqa.selenium.remote.RemoteWebDriver.execute(RemoteWebDriver.java:586)
at org.openqa.selenium.remote.RemoteWebDriver.findElement(RemoteWebDriver.java:356)
at org.openqa.selenium.remote.RemoteWebDriver.findElementByLinkText(RemoteWebDriver.java:410)
at org.openqa.selenium.By$ByLinkText.findElement(By.java:246)
at org.openqa.selenium.remote.RemoteWebDriver.findElement(RemoteWebDriver.java:348)
at Podium.Pages.BasePage.getTexts(BasePage.java:11)
at Podium.Pages.ProductsPage.getVideoChatButtonText(ProductsPage.java:77)
at Podium.Tests.ProductsTest.mustVerifyVideoChatPageTest(ProductsTest.java:63)
at sun.reflect.NativeMethodAccessorImpl.invoke0(Native Method)
at sun.reflect.NativeMethodAccessorImpl.invoke(NativeMethodAccessorImpl.java:62)
at sun.reflect.DelegatingMethodAccessorImpl.invoke(DelegatingMethodAccessorImpl.java:43)
at java.lang.reflect.Method.invoke(Method.java:498)
at org.junit.runners.model.FrameworkMethod$1.runReflectiveCall(FrameworkMethod.java:50)
at org.junit.internal.runners.model.ReflectiveCallable.run(ReflectiveCallable.java:12)
at org.junit.runners.model.FrameworkMethod.invokeExplosively(FrameworkMethod.java:47)
at org.junit.internal.runners.statements.InvokeMethod.evaluate(InvokeMethod.java:17)
at org.junit.internal.runners.statements.RunBefores.evaluate(RunBefores.java:26)
at org.junit.internal.runners.statements.RunAfters.evaluate(RunAfters.java:27)
at org.junit.rules.TestWatcher$1.evaluate(TestWatcher.java:55)
at org.junit.rules.RunRules.evaluate(RunRules.java:20)
at org.junit.runners.ParentRunner.runLeaf(ParentRunner.java:325)
at org.junit.runners.BlockJUnit4ClassRunner.runChild(BlockJUnit4ClassRunner.java:78)
at org.junit.runners.BlockJUnit4ClassRunner.runChild(BlockJUnit4ClassRunner.java:57)
at org.junit.runners.ParentRunner$3.run(ParentRunner.java:290)
at org.junit.runners.ParentRunner$1.schedule(ParentRunner.java:71)
at org.junit.runners.ParentRunner.runChildren(ParentRunner.java:288)
at org.junit.runners.ParentRunner.access$000(ParentRunner.java:58)
at org.junit.runners.ParentRunner$2.evaluate(ParentRunner.java:268)
at org.junit.runners.ParentRunner.run(ParentRunner.java:363)
at org.junit.runner.JUnitCore.run(JUnitCore.java:137)
at org.junit.runner.JUnitCore.run(JUnitCore.java:115)
at org.testng.junit.JUnit4TestRunner.start(JUnit4TestRunner.java:82)
at org.testng.junit.JUnit4TestRunner.run(JUnit4TestRunner.java:70)
at org.testng.TestRunner$1.run(TestRunner.java:570)
at org.testng.TestRunner.runJUnitWorkers(TestRunner.java:717)
at org.testng.TestRunner.privateRunJUnit(TestRunner.java:601)
at org.testng.TestRunner.run(TestRunner.java:502)
at org.testng.SuiteRunner.runTest(SuiteRunner.java:455)
at org.testng.SuiteRunner.runSequentially(SuiteRunner.java:450)
at org.testng.SuiteRunner.privateRun(SuiteRunner.java:415)
at org.testng.SuiteRunner.run(SuiteRunner.java:364)
at org.testng.SuiteRunnerWorker.runSuite(SuiteRunnerWorker.java:52)
at org.testng.SuiteRunnerWorker.run(SuiteRunnerWorker.java:84)
at org.testng.TestNG.runSuitesSequentially(TestNG.java:1208)
at org.testng.TestNG.runSuitesLocally(TestNG.java:1137)
at org.testng.TestNG.runSuites(TestNG.java:1049)
at org.testng.TestNG.run(TestNG.java:1017)
at org.apache.maven.surefire.testng.TestNGExecutor.run(TestNGExecutor.java:136)
at org.apache.maven.surefire.testng.TestNGDirectoryTestSuite.executeMulti(TestNGDirectoryTestSuite.java:198)
at org.apache.maven.surefire.testng.TestNGDirectoryTestSuite.execute(TestNGDirectoryTestSuite.java:94)
at org.apache.maven.surefire.testng.TestNGProvider.invoke(TestNGProvider.java:145)
at org.apache.maven.surefire.booter.ForkedBooter.runSuitesInProcess(ForkedBooter.java:428)
at org.apache.maven.surefire.booter.ForkedBooter.execute(ForkedBooter.java:162)
at org.apache.maven.surefire.booter.ForkedBooter.run(ForkedBooter.java:562)
at org.apache.maven.surefire.booter.ForkedBooter.main(ForkedBooter.java:548)
]]>
            </full-stacktrace>
          </exception> <!-- org.openqa.selenium.NoSuchElementException -->
          <reporter-output>
          </reporter-output>
        </test-method> <!-- mustVerifyVideoChatPageTest -->
        <test-method status="PASS" signature="mustVerifyFreeVersionPageTest()" name="mustVerifyFreeVersionPageTest" duration-ms="54204" started-at="2021-03-22T03:21:48Z" finished-at="2021-03-22T03:22:42Z">
          <reporter-output>
          </reporter-output>
        </test-method> <!-- mustVerifyFreeVersionPageTest -->
      </class> <!-- Podium.Tests.ProductsTest -->
      <class name="Podium.Tests.EnterpriseErrosSimulationTest">
        <test-method status="PASS" signature="mustDoValidEmailError()" name="mustDoValidEmailError" duration-ms="12947" started-at="2021-03-22T03:20:49Z" finished-at="2021-03-22T03:21:02Z">
          <reporter-output>
          </reporter-output>
        </test-method> <!-- mustDoValidEmailError -->
        <test-method status="PASS" signature="mustDoFieldRequiredError()" name="mustDoFieldRequiredError" duration-ms="19499" started-at="2021-03-22T03:20:49Z" finished-at="2021-03-22T03:21:08Z">
          <reporter-output>
          </reporter-output>
        </test-method> <!-- mustDoFieldRequiredError -->
      </class> <!-- Podium.Tests.EnterpriseErrosSimulationTest -->
      <class name="Podium.Tests.FillingFormsWithDDTTest">
        <test-method status="PASS" signature="mustFillPricingForms()" name="mustFillPricingForms[1]" duration-ms="16899" started-at="2021-03-22T03:21:08Z" finished-at="2021-03-22T03:21:25Z">
          <reporter-output>
          </reporter-output>
        </test-method> <!-- mustFillPricingForms[1] -->
        <test-method status="PASS" signature="mustFillPricingForms()" name="mustFillPricingForms[2]" duration-ms="26085" started-at="2021-03-22T03:21:08Z" finished-at="2021-03-22T03:21:35Z">
          <reporter-output>
          </reporter-output>
        </test-method> <!-- mustFillPricingForms[2] -->
        <test-method status="PASS" signature="mustFillPricingForms()" name="mustFillPricingForms[0]" duration-ms="8968" started-at="2021-03-22T03:21:08Z" finished-at="2021-03-22T03:21:17Z">
          <reporter-output>
          </reporter-output>
        </test-method> <!-- mustFillPricingForms[0] -->
        <test-method status="PASS" signature="mustFillPricingForms()" name="mustFillPricingForms[3]" duration-ms="33030" started-at="2021-03-22T03:21:08Z" finished-at="2021-03-22T03:21:42Z">
          <reporter-output>
          </reporter-output>
        </test-method> <!-- mustFillPricingForms[3] -->
        <test-method status="PASS" signature="mustFillPricingForms()" name="mustFillPricingForms[4]" duration-ms="39100" started-at="2021-03-22T03:21:08Z" finished-at="2021-03-22T03:21:48Z">
          <reporter-output>
          </reporter-output>
        </test-method> <!-- mustFillPricingForms[4] -->
      </class> <!-- Podium.Tests.FillingFormsWithDDTTest -->
    </test> <!-- Surefire test -->
  </suite> <!-- Surefire suite -->
</testng-results>
