<?xml version="1.0" encoding="UTF-8"?>
<testsuite xmlns:xsi="http://www.w3.org/2001/XMLSchema-instance" xsi:noNamespaceSchemaLocation="https://maven.apache.org/surefire/maven-surefire-plugin/xsd/surefire-test-report-3.0.xsd" version="3.0" name="TestSuite" time="97.093" tests="16" errors="0" skipped="0" failures="16">
  <properties>
[...]
</properties>
  <testcase name="mustDoValidEmailError on mustDoValidEmailError(Podium.Tests.EnterpriseErrorsSimulationTest)" classname="Podium.Tests.EnterpriseErrorsSimulationTest" time="12.548">
    <failure message="expected:&lt;[ENTERPRISE]&gt; but was:&lt;[]&gt;" type="org.junit.ComparisonFailure"><![CDATA[org.junit.ComparisonFailure: expected:<[ENTERPRISE]> but was:<[]>
	at Podium.Tests.EnterpriseErrorsSimulationTest.mustGoToEnterprisePage(EnterpriseErrorsSimulationTest.java:21)
]]></failure>
    <system-err><![CDATA[Starting ChromeDriver 89.0.4389.23 (61b08ee2c50024bab004e48d2b1b083cdbdac579-refs/branch-heads/4389@{#294}) on port 35270
Only local connections are allowed.
Please see https://chromedriver.chromium.org/security-considerations for suggestions on keeping ChromeDriver safe.
ChromeDriver was started successfully.
log4j:WARN No appenders could be found for logger (org.apache.http.client.protocol.RequestAddCookies).
log4j:WARN Please initialize the log4j system properly.
mar 25, 2021 6:53:23 PM org.openqa.selenium.remote.ProtocolHandshake createSession
INFORMAÇÕES: Detected dialect: W3C
]]></system-err>
  </testcase>
  <testcase name="mustDoFieldRequiredError on mustDoFieldRequiredError(Podium.Tests.EnterpriseErrorsSimulationTest)" classname="Podium.Tests.EnterpriseErrorsSimulationTest" time="9.429">
    <failure message="expected:&lt;[ENTERPRISE]&gt; but was:&lt;[]&gt;" type="org.junit.ComparisonFailure"><![CDATA[org.junit.ComparisonFailure: expected:<[ENTERPRISE]> but was:<[]>
	at Podium.Tests.EnterpriseErrorsSimulationTest.mustGoToEnterprisePage(EnterpriseErrorsSimulationTest.java:21)
]]></failure>
  </testcase>
  <testcase name="mustFillPricingForms[0] on mustFillPricingForms[0](Podium.Tests.FillingFormsWithDDTTest)" classname="Podium.Tests.FillingFormsWithDDTTest" time="10.802">
    <failure message="expected:&lt;[CUSTOM PRICING]&gt; but was:&lt;[]&gt;" type="org.junit.ComparisonFailure"><![CDATA[org.junit.ComparisonFailure: expected:<[CUSTOM PRICING]> but was:<[]>
	at Podium.Tests.FillingFormsWithDDTTest.mustFillPricingForms(FillingFormsWithDDTTest.java:52)
]]></failure>
  </testcase>
  <testcase name="mustFillPricingForms[1] on mustFillPricingForms[1](Podium.Tests.FillingFormsWithDDTTest)" classname="Podium.Tests.FillingFormsWithDDTTest" time="8.496">
    <failure message="expected:&lt;[CUSTOM PRICING]&gt; but was:&lt;[]&gt;" type="org.junit.ComparisonFailure"><![CDATA[org.junit.ComparisonFailure: expected:<[CUSTOM PRICING]> but was:<[]>
	at Podium.Tests.FillingFormsWithDDTTest.mustFillPricingForms(FillingFormsWithDDTTest.java:52)
]]></failure>
  </testcase>
  <testcase name="mustFillPricingForms[2] on mustFillPricingForms[2](Podium.Tests.FillingFormsWithDDTTest)" classname="Podium.Tests.FillingFormsWithDDTTest" time="9.444">
    <failure message="expected:&lt;[CUSTOM PRICING]&gt; but was:&lt;[]&gt;" type="org.junit.ComparisonFailure"><![CDATA[org.junit.ComparisonFailure: expected:<[CUSTOM PRICING]> but was:<[]>
	at Podium.Tests.FillingFormsWithDDTTest.mustFillPricingForms(FillingFormsWithDDTTest.java:52)
]]></failure>
  </testcase>
  <testcase name="mustFillPricingForms[3] on mustFillPricingForms[3](Podium.Tests.FillingFormsWithDDTTest)" classname="Podium.Tests.FillingFormsWithDDTTest" time="8.563">
    <failure message="expected:&lt;[CUSTOM PRICING]&gt; but was:&lt;[]&gt;" type="org.junit.ComparisonFailure"><![CDATA[org.junit.ComparisonFailure: expected:<[CUSTOM PRICING]> but was:<[]>
	at Podium.Tests.FillingFormsWithDDTTest.mustFillPricingForms(FillingFormsWithDDTTest.java:52)
]]></failure>
  </testcase>
  <testcase name="mustFillPricingForms[4] on mustFillPricingForms[4](Podium.Tests.FillingFormsWithDDTTest)" classname="Podium.Tests.FillingFormsWithDDTTest" time="8.86">
    <failure message="expected:&lt;[CUSTOM PRICING]&gt; but was:&lt;[]&gt;" type="org.junit.ComparisonFailure"><![CDATA[org.junit.ComparisonFailure: expected:<[CUSTOM PRICING]> but was:<[]>
	at Podium.Tests.FillingFormsWithDDTTest.mustFillPricingForms(FillingFormsWithDDTTest.java:52)
]]></failure>
  </testcase>
  <testcase name="mustVerifyPaymentsPageTest on mustVerifyPaymentsPageTest(Podium.Tests.ProductsTest)" classname="Podium.Tests.ProductsTest" time="3.34">
    <failure message="expected:&lt;[Products]&gt; but was:&lt;[]&gt;" type="org.junit.ComparisonFailure"><![CDATA[org.junit.ComparisonFailure: expected:<[Products]> but was:<[]>
	at Podium.Tests.ProductsTest.productsStartingTest(ProductsTest.java:17)
]]></failure>
  </testcase>
  <testcase name="mustVerifyFeedbackPageTest on mustVerifyFeedbackPageTest(Podium.Tests.ProductsTest)" classname="Podium.Tests.ProductsTest" time="2.41">
    <failure message="expected:&lt;[Products]&gt; but was:&lt;[]&gt;" type="org.junit.ComparisonFailure"><![CDATA[org.junit.ComparisonFailure: expected:<[Products]> but was:<[]>
	at Podium.Tests.ProductsTest.productsStartingTest(ProductsTest.java:17)
]]></failure>
  </testcase>
  <testcase name="mustVerifyWebChatPageTest on mustVerifyWebChatPageTest(Podium.Tests.ProductsTest)" classname="Podium.Tests.ProductsTest" time="3.033">
    <failure message="expected:&lt;[Products]&gt; but was:&lt;[]&gt;" type="org.junit.ComparisonFailure"><![CDATA[org.junit.ComparisonFailure: expected:<[Products]> but was:<[]>
	at Podium.Tests.ProductsTest.productsStartingTest(ProductsTest.java:17)
]]></failure>
  </testcase>
  <testcase name="mustVerifyVideoChatPageTest on mustVerifyVideoChatPageTest(Podium.Tests.ProductsTest)" classname="Podium.Tests.ProductsTest" time="3.292">
    <failure message="expected:&lt;[Products]&gt; but was:&lt;[]&gt;" type="org.junit.ComparisonFailure"><![CDATA[org.junit.ComparisonFailure: expected:<[Products]> but was:<[]>
	at Podium.Tests.ProductsTest.productsStartingTest(ProductsTest.java:17)
]]></failure>
  </testcase>
  <testcase name="mustVerifyCampaignsPageTest on mustVerifyCampaignsPageTest(Podium.Tests.ProductsTest)" classname="Podium.Tests.ProductsTest" time="3.431">
    <failure message="expected:&lt;[Products]&gt; but was:&lt;[]&gt;" type="org.junit.ComparisonFailure"><![CDATA[org.junit.ComparisonFailure: expected:<[Products]> but was:<[]>
	at Podium.Tests.ProductsTest.productsStartingTest(ProductsTest.java:17)
]]></failure>
  </testcase>
  <testcase name="mustVerifyTeamChatPageTest on mustVerifyTeamChatPageTest(Podium.Tests.ProductsTest)" classname="Podium.Tests.ProductsTest" time="3.266">
    <failure message="expected:&lt;[Products]&gt; but was:&lt;[]&gt;" type="org.junit.ComparisonFailure"><![CDATA[org.junit.ComparisonFailure: expected:<[Products]> but was:<[]>
	at Podium.Tests.ProductsTest.productsStartingTest(ProductsTest.java:17)
]]></failure>
  </testcase>
  <testcase name="mustVerifyFreeVersionPageTest on mustVerifyFreeVersionPageTest(Podium.Tests.ProductsTest)" classname="Podium.Tests.ProductsTest" time="3.378">
    <failure message="expected:&lt;[Products]&gt; but was:&lt;[]&gt;" type="org.junit.ComparisonFailure"><![CDATA[org.junit.ComparisonFailure: expected:<[Products]> but was:<[]>
	at Podium.Tests.ProductsTest.productsStartingTest(ProductsTest.java:17)
]]></failure>
  </testcase>
  <testcase name="mustVerifyInboxPageTest on mustVerifyInboxPageTest(Podium.Tests.ProductsTest)" classname="Podium.Tests.ProductsTest" time="3.174">
    <failure message="expected:&lt;[Products]&gt; but was:&lt;[]&gt;" type="org.junit.ComparisonFailure"><![CDATA[org.junit.ComparisonFailure: expected:<[Products]> but was:<[]>
	at Podium.Tests.ProductsTest.productsStartingTest(ProductsTest.java:17)
]]></failure>
  </testcase>
  <testcase name="mustVerifyReviewsPageTest on mustVerifyReviewsPageTest(Podium.Tests.ProductsTest)" classname="Podium.Tests.ProductsTest" time="3.172">
    <failure message="expected:&lt;[Products]&gt; but was:&lt;[]&gt;" type="org.junit.ComparisonFailure"><![CDATA[org.junit.ComparisonFailure: expected:<[Products]> but was:<[]>
	at Podium.Tests.ProductsTest.productsStartingTest(ProductsTest.java:17)
]]></failure>
  </testcase>
</testsuite>